0 info it worked if it ends with ok
1 verbose cli [ 'C:\\Program Files\\nodejs\\\\node.exe',
1 verbose cli   'C:\\Program Files\\nodejs\\node_modules\\npm\\bin\\npm-cli.js',
1 verbose cli   'install' ]
2 info using npm@1.4.28
3 info using node@v0.10.33
4 verbose node symlink C:\Program Files\nodejs\\node.exe
5 warn package.json locashop@ No description
6 warn package.json locashop@ No repository field.
7 warn package.json locashop@ No README data
8 verbose readDependencies using package.json deps
9 verbose install where, deps [ 'C:\\locashop',
9 verbose install   [ 'express',
9 verbose install     'body-parser',
9 verbose install     'method-override',
9 verbose install     'passport',
9 verbose install     'passport-local',
9 verbose install     'passport-facebook',
9 verbose install     'connect-flash',
9 verbose install     'bcrypt-nodejs',
9 verbose install     'cookie-parser',
9 verbose install     'express-session',
9 verbose install     'mocha',
9 verbose install     'winston',
9 verbose install     'mysql',
9 verbose install     'nodemailer',
9 verbose install     'email-templates',
9 verbose install     'formidable',
9 verbose install     'util',
9 verbose install     'fs-extra',
9 verbose install     'async',
9 verbose install     'orm',
9 verbose install     'sequelize',
9 verbose install     'protactor' ] ]
10 info preinstall locashop@
11 warn package.json passport-local@0.1.6 No README data
12 warn package.json util@0.10.3 util is also the name of a node core module.
13 verbose readDependencies using package.json deps
14 verbose already installed skipping express@~4.5.1 C:\locashop
15 verbose already installed skipping body-parser@~1.4.2 C:\locashop
16 verbose already installed skipping method-override@~2.0.2 C:\locashop
17 verbose already installed skipping passport@~0.1.17 C:\locashop
18 verbose already installed skipping passport-local@~0.1.6 C:\locashop
19 verbose already installed skipping passport-facebook@~1.0.3 C:\locashop
20 verbose already installed skipping connect-flash@~0.1.1 C:\locashop
21 verbose cache add [ 'bcrypt-nodejs@latest', null ]
22 verbose cache add name=undefined spec="bcrypt-nodejs@latest" args=["bcrypt-nodejs@latest",null]
23 verbose parsed url { protocol: null,
23 verbose parsed url   slashes: null,
23 verbose parsed url   auth: null,
23 verbose parsed url   host: null,
23 verbose parsed url   port: null,
23 verbose parsed url   hostname: null,
23 verbose parsed url   hash: null,
23 verbose parsed url   search: null,
23 verbose parsed url   query: null,
23 verbose parsed url   pathname: 'bcrypt-nodejs@latest',
23 verbose parsed url   path: 'bcrypt-nodejs@latest',
23 verbose parsed url   href: 'bcrypt-nodejs@latest' }
24 verbose already installed skipping cookie-parser@~1.0.0 C:\locashop
25 verbose already installed skipping express-session@~1.0.0 C:\locashop
26 verbose already installed skipping mocha@1.21.5 C:\locashop
27 verbose already installed skipping winston@>=0.8.3 C:\locashop
28 verbose already installed skipping mysql@>=2.5.4 C:\locashop
29 verbose already installed skipping nodemailer@>=1.3.0 C:\locashop
30 verbose already installed skipping email-templates@>=1.1.2 C:\locashop
31 verbose already installed skipping formidable@>=1.0.17 C:\locashop
32 verbose cache add name="bcrypt-nodejs" spec="latest" args=["bcrypt-nodejs","latest"]
33 verbose parsed url { protocol: null,
33 verbose parsed url   slashes: null,
33 verbose parsed url   auth: null,
33 verbose parsed url   host: null,
33 verbose parsed url   port: null,
33 verbose parsed url   hostname: null,
33 verbose parsed url   hash: null,
33 verbose parsed url   search: null,
33 verbose parsed url   query: null,
33 verbose parsed url   pathname: 'latest',
33 verbose parsed url   path: 'latest',
33 verbose parsed url   href: 'latest' }
34 verbose addNamed [ 'bcrypt-nodejs', 'latest' ]
35 verbose addNamed [ null, null ]
36 silly lockFile 8a2c73f6-bcrypt-nodejs-latest bcrypt-nodejs@latest
37 verbose lock bcrypt-nodejs@latest C:\Users\stacquet\AppData\Roaming\npm-cache\8a2c73f6-bcrypt-nodejs-latest.lock
38 info addNameTag [ 'bcrypt-nodejs', 'latest' ]
39 verbose request where is /bcrypt-nodejs
40 verbose request registry https://registry.npmjs.org/
41 verbose request id 040b68cc5f3f84fc
42 verbose url raw /bcrypt-nodejs
43 verbose url resolving [ 'https://registry.npmjs.org/', './bcrypt-nodejs' ]
44 verbose url resolved https://registry.npmjs.org/bcrypt-nodejs
45 verbose request where is https://registry.npmjs.org/bcrypt-nodejs
46 info trying registry request attempt 1 at 19:00:36
47 verbose etag "89UEW5GZGQPJBVEOXEPXX8EL6"
48 http GET https://registry.npmjs.org/bcrypt-nodejs
49 verbose already installed skipping util@>=0.10.3 C:\locashop
50 verbose already installed skipping fs-extra@>=0.16.3 C:\locashop
51 verbose already installed skipping async@>=0.9.0 C:\locashop
52 verbose already installed skipping orm@>=2.1.22 C:\locashop
53 verbose already installed skipping sequelize@>=2.0.3 C:\locashop
54 verbose cache add [ 'protactor@>=1.7.0', null ]
55 verbose cache add name=undefined spec="protactor@>=1.7.0" args=["protactor@>=1.7.0",null]
56 verbose parsed url { protocol: null,
56 verbose parsed url   slashes: null,
56 verbose parsed url   auth: null,
56 verbose parsed url   host: null,
56 verbose parsed url   port: null,
56 verbose parsed url   hostname: null,
56 verbose parsed url   hash: null,
56 verbose parsed url   search: null,
56 verbose parsed url   query: null,
56 verbose parsed url   pathname: 'protactor@%3E=1.7.0',
56 verbose parsed url   path: 'protactor@%3E=1.7.0',
56 verbose parsed url   href: 'protactor@%3E=1.7.0' }
57 verbose cache add name="protactor" spec=">=1.7.0" args=["protactor",">=1.7.0"]
58 verbose parsed url { protocol: null,
58 verbose parsed url   slashes: null,
58 verbose parsed url   auth: null,
58 verbose parsed url   host: null,
58 verbose parsed url   port: null,
58 verbose parsed url   hostname: null,
58 verbose parsed url   hash: null,
58 verbose parsed url   search: null,
58 verbose parsed url   query: null,
58 verbose parsed url   pathname: '%3E=1.7.0',
58 verbose parsed url   path: '%3E=1.7.0',
58 verbose parsed url   href: '%3E=1.7.0' }
59 verbose addNamed [ 'protactor', '>=1.7.0' ]
60 verbose addNamed [ null, '>=1.7.0' ]
61 silly lockFile 6b9801bd-protactor-1-7-0 protactor@>=1.7.0
62 verbose lock protactor@>=1.7.0 C:\Users\stacquet\AppData\Roaming\npm-cache\6b9801bd-protactor-1-7-0.lock
63 silly addNameRange { name: 'protactor', range: '>=1.7.0', hasData: false }
64 verbose request where is /protactor
65 verbose request registry https://registry.npmjs.org/
66 verbose url raw /protactor
67 verbose url resolving [ 'https://registry.npmjs.org/', './protactor' ]
68 verbose url resolved https://registry.npmjs.org/protactor
69 verbose request where is https://registry.npmjs.org/protactor
70 info trying registry request attempt 1 at 19:00:36
71 http GET https://registry.npmjs.org/protactor
72 http 304 https://registry.npmjs.org/bcrypt-nodejs
73 silly registry.get cb [ 304,
73 silly registry.get   { date: 'Thu, 19 Feb 2015 18:00:37 GMT',
73 silly registry.get     server: 'Apache',
73 silly registry.get     via: '1.1 varnish',
73 silly registry.get     'last-modified': 'Thu, 19 Feb 2015 18:00:37 GMT',
73 silly registry.get     'cache-control': 'max-age=60',
73 silly registry.get     etag: '"89UEW5GZGQPJBVEOXEPXX8EL6"',
73 silly registry.get     age: '0',
73 silly registry.get     'x-served-by': 'cache-fra1225-FRA',
73 silly registry.get     'x-cache': 'HIT',
73 silly registry.get     'x-cache-hits': '1',
73 silly registry.get     'x-timer': 'S1424368837.488270,VS0,VE99',
73 silly registry.get     vary: 'Accept',
73 silly registry.get     'content-length': '0',
73 silly registry.get     'keep-alive': 'timeout=10, max=50',
73 silly registry.get     connection: 'Keep-Alive' } ]
74 verbose etag https://registry.npmjs.org/bcrypt-nodejs from cache
75 verbose addNamed [ 'bcrypt-nodejs', '0.0.3' ]
76 verbose addNamed [ '0.0.3', '0.0.3' ]
77 silly lockFile 30db234c-bcrypt-nodejs-0-0-3 bcrypt-nodejs@0.0.3
78 verbose lock bcrypt-nodejs@0.0.3 C:\Users\stacquet\AppData\Roaming\npm-cache\30db234c-bcrypt-nodejs-0-0-3.lock
79 silly lockFile 30db234c-bcrypt-nodejs-0-0-3 bcrypt-nodejs@0.0.3
80 silly lockFile 30db234c-bcrypt-nodejs-0-0-3 bcrypt-nodejs@0.0.3
81 silly lockFile 8a2c73f6-bcrypt-nodejs-latest bcrypt-nodejs@latest
82 silly lockFile 8a2c73f6-bcrypt-nodejs-latest bcrypt-nodejs@latest
83 info already installed bcrypt-nodejs@0.0.3
84 http 404 https://registry.npmjs.org/protactor
85 verbose headers { date: 'Thu, 19 Feb 2015 18:00:38 GMT',
85 verbose headers   server: 'CouchDB/1.5.0 (Erlang OTP/R16B03)',
85 verbose headers   'content-type': 'application/json',
85 verbose headers   'cache-control': 'max-age=0',
85 verbose headers   'content-length': '52',
85 verbose headers   'accept-ranges': 'bytes',
85 verbose headers   via: '1.1 varnish',
85 verbose headers   age: '0',
85 verbose headers   'x-served-by': 'cache-fra1235-FRA',
85 verbose headers   'x-cache': 'MISS',
85 verbose headers   'x-cache-hits': '0',
85 verbose headers   'x-timer': 'S1424368837.491940,VS0,VE708',
85 verbose headers   'keep-alive': 'timeout=10, max=50',
85 verbose headers   connection: 'Keep-Alive' }
86 silly registry.get cb [ 404,
86 silly registry.get   { date: 'Thu, 19 Feb 2015 18:00:38 GMT',
86 silly registry.get     server: 'CouchDB/1.5.0 (Erlang OTP/R16B03)',
86 silly registry.get     'content-type': 'application/json',
86 silly registry.get     'cache-control': 'max-age=0',
86 silly registry.get     'content-length': '52',
86 silly registry.get     'accept-ranges': 'bytes',
86 silly registry.get     via: '1.1 varnish',
86 silly registry.get     age: '0',
86 silly registry.get     'x-served-by': 'cache-fra1235-FRA',
86 silly registry.get     'x-cache': 'MISS',
86 silly registry.get     'x-cache-hits': '0',
86 silly registry.get     'x-timer': 'S1424368837.491940,VS0,VE708',
86 silly registry.get     'keep-alive': 'timeout=10, max=50',
86 silly registry.get     connection: 'Keep-Alive' } ]
87 silly lockFile 6b9801bd-protactor-1-7-0 protactor@>=1.7.0
88 silly lockFile 6b9801bd-protactor-1-7-0 protactor@>=1.7.0
89 error 404 404 Not Found: protactor
89 error 404
89 error 404 'protactor' is not in the npm registry.
89 error 404 You should bug the author to publish it
89 error 404 It was specified as a dependency of 'locashop'
89 error 404
89 error 404 Note that you can also install from a
89 error 404 tarball, folder, or http url, or git url.
90 error System Windows_NT 6.2.9200
91 error command "C:\\Program Files\\nodejs\\\\node.exe" "C:\\Program Files\\nodejs\\node_modules\\npm\\bin\\npm-cli.js" "install"
92 error cwd C:\locashop
93 error node -v v0.10.33
94 error npm -v 1.4.28
95 error code E404
96 verbose exit [ 1, true ]
