{"level":"info","message":"Hello distributed log files!","timestamp":"2015-04-01T21:36:51.233Z"}
{"level":"debug","message":"Executing (default): SELECT `id_user`, `id_profil`, `id_adresse`, `id_photo`, `id_facebook`, `token`, `email`, `email_valide`, `email_verification_token`, `mobile`, `mobile_valide`, `nom`, `prenom`, `password`, `password_change_token`, `createdAt`, `updatedAt` FROM `user` AS `User` WHERE `User`.`email` = 'sylvain.tacquet@gmail.com' LIMIT 1;","timestamp":"2015-04-01T21:37:00.783Z"}
{"level":"debug","message":"Executing (default): SELECT `id_user`, `id_profil`, `id_adresse`, `id_photo`, `id_facebook`, `token`, `email`, `email_valide`, `email_verification_token`, `mobile`, `mobile_valide`, `nom`, `prenom`, `password`, `password_change_token`, `createdAt`, `updatedAt` FROM `user` AS `User` WHERE `User`.`id_user` = 1;","timestamp":"2015-04-01T21:37:05.483Z"}
{"level":"debug","message":"Executing (default): SELECT `User`.`id_user`, `User`.`id_profil`, `User`.`id_adresse`, `User`.`id_photo`, `User`.`id_facebook`, `User`.`token`, `User`.`email`, `User`.`email_valide`, `User`.`email_verification_token`, `User`.`mobile`, `User`.`mobile_valide`, `User`.`nom`, `User`.`prenom`, `User`.`password`, `User`.`password_change_token`, `User`.`createdAt`, `User`.`updatedAt`, `Photo`.`id_photo` AS `Photo.id_photo`, `Photo`.`uuid` AS `Photo.uuid`, `Photo`.`titre` AS `Photo.titre`, `Photo`.`description` AS `Photo.description`, `Photo`.`chemin_physique` AS `Photo.chemin_physique`, `Photo`.`md5` AS `Photo.md5`, `Photo`.`createdAt` AS `Photo.createdAt`, `Photo`.`updatedAt` AS `Photo.updatedAt` FROM `user` AS `User` LEFT OUTER JOIN `photo` AS `Photo` ON `User`.`id_photo` = `Photo`.`id_photo` WHERE `User`.`id_user` = 1;","timestamp":"2015-04-01T21:37:06.013Z"}
{"level":"debug","message":"Executing (default): SELECT `id_user`, `id_profil`, `id_adresse`, `id_photo`, `id_facebook`, `token`, `email`, `email_valide`, `email_verification_token`, `mobile`, `mobile_valide`, `nom`, `prenom`, `password`, `password_change_token`, `createdAt`, `updatedAt` FROM `user` AS `User` WHERE `User`.`id_user` = 1;","timestamp":"2015-04-01T21:37:12.837Z"}
{"level":"debug","message":"userController|save|démarrage de transaction","timestamp":"2015-04-01T21:37:13.347Z"}
{"level":"debug","message":"Executing (e9569418-4926-4005-99e5-9c81a8b54b51): START TRANSACTION;","timestamp":"2015-04-01T21:37:13.363Z"}
{"level":"debug","message":"Executing (e9569418-4926-4005-99e5-9c81a8b54b51): SET SESSION TRANSACTION ISOLATION LEVEL REPEATABLE READ;","timestamp":"2015-04-01T21:37:13.371Z"}
{"level":"debug","message":"Executing (e9569418-4926-4005-99e5-9c81a8b54b51): SET autocommit = 1;","timestamp":"2015-04-01T21:37:13.376Z"}
{"level":"debug","message":"userController|save|recherche du user en base","timestamp":"2015-04-01T21:37:13.379Z"}
{"level":"debug","message":"Executing (default): SELECT `User`.`id_user`, `User`.`id_profil`, `User`.`id_adresse`, `User`.`id_photo`, `User`.`id_facebook`, `User`.`token`, `User`.`email`, `User`.`email_valide`, `User`.`email_verification_token`, `User`.`mobile`, `User`.`mobile_valide`, `User`.`nom`, `User`.`prenom`, `User`.`password`, `User`.`password_change_token`, `User`.`createdAt`, `User`.`updatedAt`, `Photo`.`id_photo` AS `Photo.id_photo`, `Photo`.`uuid` AS `Photo.uuid`, `Photo`.`titre` AS `Photo.titre`, `Photo`.`description` AS `Photo.description`, `Photo`.`chemin_physique` AS `Photo.chemin_physique`, `Photo`.`md5` AS `Photo.md5`, `Photo`.`createdAt` AS `Photo.createdAt`, `Photo`.`updatedAt` AS `Photo.updatedAt` FROM `user` AS `User` LEFT OUTER JOIN `photo` AS `Photo` ON `User`.`id_photo` = `Photo`.`id_photo` WHERE `User`.`id_user` = 1;","timestamp":"2015-04-01T21:37:13.392Z"}
{"level":"debug","message":"userController|save|parse du formulaire","timestamp":"2015-04-01T21:37:13.403Z"}
{"level":"debug","message":"userController|save|photo présente en upload","timestamp":"2015-04-01T21:37:13.419Z"}
{"level":"debug","message":"userController|save|calcul du md5","timestamp":"2015-04-01T21:37:13.419Z"}
{"level":"debug","message":"userController|save|insertion de la photo en base","timestamp":"2015-04-01T21:37:13.424Z"}
{"level":"debug","message":"Executing (e9569418-4926-4005-99e5-9c81a8b54b51): INSERT INTO `photo` (`id_photo`,`uuid`,`titre`,`description`,`chemin_physique`,`md5`,`updatedAt`,`createdAt`) VALUES (DEFAULT,'42800b20-d8b7-11e4-8e52-6d76bb676c74','profil_1','photo de profil du user 1','c:/locashop/storage/','e613de7a48e20aea8325515ce82340e3','2015-04-01 21:37:13','2015-04-01 21:37:13');","timestamp":"2015-04-01T21:37:13.432Z"}
{"level":"debug","message":"userController|save|copie de la photo sur disque dur","timestamp":"2015-04-01T21:37:13.432Z"}
{"level":"debug","message":"userController|save|save user in database : ","timestamp":"2015-04-01T21:37:13.432Z"}
{"level":"debug","message":"Executing (e9569418-4926-4005-99e5-9c81a8b54b51): UPDATE `user` SET `id_photo`=1,`nom`='qsdf',`prenom`='qsdf',`updatedAt`='2015-04-01 21:37:13' WHERE `id_user` = 1","timestamp":"2015-04-01T21:37:13.432Z"}
{"level":"debug","message":"userController|save|on retrouve l'ancienne photo en db","timestamp":"2015-04-01T21:37:13.432Z"}
{"level":"debug","message":"Executing (default): SELECT `id_photo`, `uuid`, `titre`, `description`, `chemin_physique`, `md5`, `createdAt`, `updatedAt` FROM `photo` AS `Photo` WHERE `Photo`.`id_photo` = NULL LIMIT 1;","timestamp":"2015-04-01T21:37:13.447Z"}
{"level":"debug","message":"userController|save|on supprime l'ancienne photo en db","timestamp":"2015-04-01T21:37:13.447Z"}
{"level":"info","message":"Hello distributed log files!","timestamp":"2015-04-01T21:38:18.285Z"}
{"level":"debug","message":"Executing (default): SELECT `id_user`, `id_profil`, `id_adresse`, `id_photo`, `id_facebook`, `token`, `email`, `email_valide`, `email_verification_token`, `mobile`, `mobile_valide`, `nom`, `prenom`, `password`, `password_change_token`, `createdAt`, `updatedAt` FROM `user` AS `User` WHERE `User`.`id_user` = 1;","timestamp":"2015-04-01T21:38:18.863Z"}
{"level":"debug","message":"userController|save|démarrage de transaction","timestamp":"2015-04-01T21:38:19.379Z"}
{"level":"debug","message":"Executing (12abf618-328f-434c-99d0-f95d4d08f71c): START TRANSACTION;","timestamp":"2015-04-01T21:38:19.379Z"}
{"level":"debug","message":"Executing (12abf618-328f-434c-99d0-f95d4d08f71c): SET SESSION TRANSACTION ISOLATION LEVEL REPEATABLE READ;","timestamp":"2015-04-01T21:38:19.379Z"}
{"level":"debug","message":"Executing (12abf618-328f-434c-99d0-f95d4d08f71c): SET autocommit = 1;","timestamp":"2015-04-01T21:38:19.394Z"}
{"level":"debug","message":"userController|save|recherche du user en base","timestamp":"2015-04-01T21:38:19.394Z"}
{"level":"debug","message":"Executing (default): SELECT `User`.`id_user`, `User`.`id_profil`, `User`.`id_adresse`, `User`.`id_photo`, `User`.`id_facebook`, `User`.`token`, `User`.`email`, `User`.`email_valide`, `User`.`email_verification_token`, `User`.`mobile`, `User`.`mobile_valide`, `User`.`nom`, `User`.`prenom`, `User`.`password`, `User`.`password_change_token`, `User`.`createdAt`, `User`.`updatedAt`, `Photo`.`id_photo` AS `Photo.id_photo`, `Photo`.`uuid` AS `Photo.uuid`, `Photo`.`titre` AS `Photo.titre`, `Photo`.`description` AS `Photo.description`, `Photo`.`chemin_physique` AS `Photo.chemin_physique`, `Photo`.`md5` AS `Photo.md5`, `Photo`.`createdAt` AS `Photo.createdAt`, `Photo`.`updatedAt` AS `Photo.updatedAt` FROM `user` AS `User` LEFT OUTER JOIN `photo` AS `Photo` ON `User`.`id_photo` = `Photo`.`id_photo` WHERE `User`.`id_user` = 1;","timestamp":"2015-04-01T21:38:19.425Z"}
{"level":"debug","message":"userController|save|parse du formulaire","timestamp":"2015-04-01T21:38:19.425Z"}
{"level":"debug","message":"userController|save|photo présente en upload","timestamp":"2015-04-01T21:38:19.441Z"}
{"level":"debug","message":"userController|save|calcul du md5","timestamp":"2015-04-01T21:38:19.441Z"}
{"level":"debug","message":"userController|save|insertion de la photo en base","timestamp":"2015-04-01T21:38:19.441Z"}
{"level":"debug","message":"Executing (12abf618-328f-434c-99d0-f95d4d08f71c): INSERT INTO `photo` (`id_photo`,`uuid`,`titre`,`description`,`chemin_physique`,`md5`,`updatedAt`,`createdAt`) VALUES (DEFAULT,'69d92210-d8b7-11e4-8771-3ddf73f685c0','profil_1','photo de profil du user 1','c:/locashop/storage/','e613de7a48e20aea8325515ce82340e3','2015-04-01 21:38:19','2015-04-01 21:38:19');","timestamp":"2015-04-01T21:38:19.457Z"}
{"level":"debug","message":"userController|save|copie de la photo sur disque dur","timestamp":"2015-04-01T21:38:19.457Z"}
{"level":"debug","message":"userController|save|save user in database : ","timestamp":"2015-04-01T21:38:19.472Z"}
{"level":"debug","message":"Executing (12abf618-328f-434c-99d0-f95d4d08f71c): UPDATE `user` SET `id_photo`=2,`nom`='qsdf',`prenom`='qsdf',`updatedAt`='2015-04-01 21:38:19' WHERE `id_user` = 1","timestamp":"2015-04-01T21:38:19.472Z"}
{"level":"debug","message":"userController|save|on retrouve l'ancienne photo en db","timestamp":"2015-04-01T21:38:19.472Z"}
{"level":"debug","message":"Executing (default): SELECT `id_photo`, `uuid`, `titre`, `description`, `chemin_physique`, `md5`, `createdAt`, `updatedAt` FROM `photo` AS `Photo` WHERE `Photo`.`id_photo` = NULL LIMIT 1;","timestamp":"2015-04-01T21:38:19.472Z"}
{"level":"debug","message":"userController|save|on supprime l'ancienne photo en db","timestamp":"2015-04-01T21:38:19.488Z"}
{"level":"info","message":"Hello distributed log files!","timestamp":"2015-04-01T21:38:28.376Z"}
